<?xml version="1.0" encoding="UTF-8"?>
<!-- Generated by org.testng.reporters.JUnitReportReporter -->
<testsuite hostname="Gaurav" failures="0" tests="1" name="com.Selenium.Book.Tc_Dws_001_Test" time="4.045" errors="0" timestamp="2025-01-28T11:55:52 IST" skipped="0">
  <testcase classname="com.Selenium.Book.Tc_Dws_001_Test" name="clickOnBooks" time="4.045"/>
  <system-out/>
</testsuite> <!-- com.Selenium.Book.Tc_Dws_001_Test -->
