<?xml version="1.0" encoding="UTF-8"?>
<!-- Generated by org.testng.reporters.JUnitReportReporter -->
<testsuite hostname="Gaurav" failures="0" tests="1" name="com.Selenium.Computer.Tc_Dws_002_Test$TC_DWS_002_TEST" time="4.085" errors="0" timestamp="2025-01-28T11:46:31 IST" skipped="0">
  <testcase classname="com.Selenium.Computer.Tc_Dws_002_Test$TC_DWS_002_TEST" name="clickOnComputers" time="4.085"/>
  <system-out/>
</testsuite> <!-- com.Selenium.Computer.Tc_Dws_002_Test$TC_DWS_002_TEST -->
