<?xml version="1.0" encoding="UTF-8"?>
<!-- Generated by org.testng.reporters.JUnitReportReporter -->
<testsuite hostname="Gaurav" failures="0" tests="1" name="com.Selenium.Computer.Tc_Dws_002_Test" time="8.039" errors="0" timestamp="2025-01-28T11:55:52 IST" skipped="0">
  <testcase classname="com.Selenium.Computer.Tc_Dws_002_Test" name="clickOnComputers" time="8.039"/>
  <system-out/>
</testsuite> <!-- com.Selenium.Computer.Tc_Dws_002_Test -->
